<?xml version="1.0" encoding="UTF-8"?>
<!-- Generated by org.testng.reporters.JUnitReportReporter -->
<testsuite hostname="Tikas-MacBook-Air.local" failures="0" tests="1" name="org.org_name.prj_name.automation.Fetch_Data_Assertions" time="4.460" errors="0" timestamp="2024-07-01T11:26:00 PDT" skipped="0">
  <testcase classname="org.org_name.prj_name.automation.Fetch_Data_Assertions" name="tc_fetchData" time="4.460"/>
  <system-out/>
</testsuite> <!-- org.org_name.prj_name.automation.Fetch_Data_Assertions -->
