<?xml version="1.0" encoding="UTF-8"?>
<!-- Generated by org.testng.reporters.JUnitReportReporter -->
<testsuite hostname="Tikas-MacBook-Air.local" failures="0" tests="1" name="learning4Interview.All_Codes" time="7.837" errors="0" timestamp="2024-07-10T17:42:37 PDT" skipped="0">
  <testcase classname="learning4Interview.All_Codes" name="intv_learning" time="7.837"/>
  <system-out/>
</testsuite> <!-- learning4Interview.All_Codes -->
